<?xml version="1.0" encoding="utf-8"?><testsuites name="pytest tests"><testsuite name="pytest" errors="0" failures="0" skipped="0" tests="7" time="1.242" timestamp="2026-05-01T00:42:24.063978+00:00" hostname="agent-env-95558860-1eca-4d05-a397-9aa18923bc09"><testcase classname="backend.tests.test_appointments.TestAppointments" name="test_create_appointment" time="0.205" /><testcase classname="backend.tests.test_appointments.TestAppointments" name="test_get_appointments" time="0.109" /><testcase classname="backend.tests.test_appointments.TestAppointments" name="test_appointment_persists" time="0.262" /><testcase classname="backend.tests.test_appointments.TestAppointments" name="test_appointment_missing_required_fields" time="0.125" /><testcase classname="backend.tests.test_appointments.TestContacts" name="test_create_contact" time="0.098" /><testcase classname="backend.tests.test_appointments.TestContacts" name="test_get_contacts" time="0.108" /><testcase classname="backend.tests.test_appointments.TestHealthCheck" name="test_api_root" time="0.176" /></testsuite></testsuites>