<?xml version="1.0" encoding="utf-8"?><testsuites name="pytest tests"><testsuite name="pytest" errors="0" failures="0" skipped="0" tests="7" time="1.517" timestamp="2026-04-30T15:47:56.806457+00:00" hostname="agent-env-95558860-1eca-4d05-a397-9aa18923bc09"><testcase classname="backend.tests.test_appointments.TestAppointments" name="test_create_appointment" time="0.309" /><testcase classname="backend.tests.test_appointments.TestAppointments" name="test_get_appointments" time="0.149" /><testcase classname="backend.tests.test_appointments.TestAppointments" name="test_appointment_persists" time="0.359" /><testcase classname="backend.tests.test_appointments.TestAppointments" name="test_appointment_missing_required_fields" time="0.160" /><testcase classname="backend.tests.test_appointments.TestContacts" name="test_create_contact" time="0.170" /><testcase classname="backend.tests.test_appointments.TestContacts" name="test_get_contacts" time="0.112" /><testcase classname="backend.tests.test_appointments.TestHealthCheck" name="test_api_root" time="0.124" /></testsuite></testsuites>